<?xml version="1.0" encoding="UTF-8"?>
<testsuite xmlns:xsi="http://www.w3.org/2001/XMLSchema-instance" xsi:noNamespaceSchemaLocation="https://maven.apache.org/surefire/maven-surefire-plugin/xsd/surefire-test-report-3.0.xsd" version="3.0" name="lab_2.calculator.context.ExecutionContextTest" time="0.036" tests="14" errors="0" skipped="0" failures="0">
  <properties>
[...]
</properties>
  <testcase name="testGetUndefinedVariableThrowsException" classname="lab_2.calculator.context.ExecutionContextTest" time="0.015"/>
  <testcase name="testStackSize" classname="lab_2.calculator.context.ExecutionContextTest" time="0.001"/>
  <testcase name="testDefineAndRetrieveVariable" classname="lab_2.calculator.context.ExecutionContextTest" time="0.001"/>
  <testcase name="testUpdateVariable" classname="lab_2.calculator.context.ExecutionContextTest" time="0.001"/>
  <testcase name="testClearStack" classname="lab_2.calculator.context.ExecutionContextTest" time="0.001"/>
  <testcase name="testDefineVariableWithNumbers" classname="lab_2.calculator.context.ExecutionContextTest" time="0.001"/>
  <testcase name="testPopFromEmptyStackThrowsException" classname="lab_2.calculator.context.ExecutionContextTest" time="0.001"/>
  <testcase name="testGetTopFromEmptyStackThrowsException" classname="lab_2.calculator.context.ExecutionContextTest" time="0.001"/>
  <testcase name="testMultipleVariables" classname="lab_2.calculator.context.ExecutionContextTest" time="0.0"/>
  <testcase name="testPushAndPop" classname="lab_2.calculator.context.ExecutionContextTest" time="0.0"/>
  <testcase name="testHasVariable" classname="lab_2.calculator.context.ExecutionContextTest" time="0.0"/>
  <testcase name="testDefineVariableWithSpecialCharacters" classname="lab_2.calculator.context.ExecutionContextTest" time="0.0"/>
  <testcase name="testGetTop" classname="lab_2.calculator.context.ExecutionContextTest" time="0.0"/>
  <testcase name="testClearVariables" classname="lab_2.calculator.context.ExecutionContextTest" time="0.001"/>
</testsuite>